Using pre-set license
Built from '2020.3/staging' branch; Version is '2020.3.28f1 (f5400f52e03f) revision 16072719'; Using compiler version '192528614'; Build Type 'Release'
OS: 'Windows 10  (10.0.19043) 64bit Enterprise' Language: 'en' Physical Memory: 32695 MB
BatchMode: 1, IsHumanControllingUs: 0, StartBugReporterOnCrash: 0, Is64bit: 1, IsPro: 0

COMMAND LINE ARGUMENTS:
C:\Program Files\Unity\Hub\Editor\2020.3.28f1\Editor\Unity.exe
-adb2
-batchMode
-noUpm
-name
AssetImportWorker0
-projectPath
C:/Users/olli.machina/Desktop/Portfolio/UnityCamera/SnapCamera
-logFile
Logs/AssetImportWorker0.log
-srvPort
63577
Successfully changed project path to: C:/Users/olli.machina/Desktop/Portfolio/UnityCamera/SnapCamera
C:/Users/olli.machina/Desktop/Portfolio/UnityCamera/SnapCamera
Using Asset Import Pipeline V2.
